D:\SCHOOL\FACTORYPROJECT\FACTORY\DEBUG\FACTORY.EXE
D:\SCHOOL\FACTORYPROJECT\FACTORY\DEBUG\FACTORY.ILK
D:\SCHOOL\FACTORYPROJECT\FACTORY\DEBUG\FACTORY.PDB
D:\school\factoryProject\Factory\Factory\Debug\cl.command.1.tlog
D:\school\factoryProject\Factory\Factory\Debug\CL.read.1.tlog
D:\school\factoryProject\Factory\Factory\Debug\CL.write.1.tlog
D:\SCHOOL\FACTORYPROJECT\FACTORY\FACTORY\DEBUG\FACTORY.EXE.EMBED.MANIFEST
D:\SCHOOL\FACTORYPROJECT\FACTORY\FACTORY\DEBUG\FACTORY.EXE.EMBED.MANIFEST.RES
D:\SCHOOL\FACTORYPROJECT\FACTORY\FACTORY\DEBUG\FACTORY.EXE.INTERMEDIATE.MANIFEST
D:\SCHOOL\FACTORYPROJECT\FACTORY\FACTORY\DEBUG\FACTORY.OBJ
D:\SCHOOL\FACTORYPROJECT\FACTORY\FACTORY\DEBUG\FACTORY.PCH
D:\school\factoryProject\Factory\Factory\Debug\Factory_manifest.rc
D:\SCHOOL\FACTORYPROJECT\FACTORY\FACTORY\DEBUG\INDEX.OBJ
D:\school\factoryProject\Factory\Factory\Debug\link.5424.read.1.tlog
D:\school\factoryProject\Factory\Factory\Debug\link.5424.write.1.tlog
D:\school\factoryProject\Factory\Factory\Debug\link.5424-cvtres.read.1.tlog
D:\school\factoryProject\Factory\Factory\Debug\link.5424-cvtres.write.1.tlog
D:\school\factoryProject\Factory\Factory\Debug\link.6076.read.1.tlog
D:\school\factoryProject\Factory\Factory\Debug\link.6076.write.1.tlog
D:\school\factoryProject\Factory\Factory\Debug\link.6076-cvtres.read.1.tlog
D:\school\factoryProject\Factory\Factory\Debug\link.6076-cvtres.write.1.tlog
D:\school\factoryProject\Factory\Factory\Debug\link.command.1.tlog
D:\school\factoryProject\Factory\Factory\Debug\link.read.1.tlog
D:\school\factoryProject\Factory\Factory\Debug\link.write.1.tlog
D:\school\factoryProject\Factory\Factory\Debug\link-cvtres.read.1.tlog
D:\school\factoryProject\Factory\Factory\Debug\link-cvtres.write.1.tlog
D:\school\factoryProject\Factory\Factory\Debug\mt.command.1.tlog
D:\school\factoryProject\Factory\Factory\Debug\mt.read.1.tlog
D:\school\factoryProject\Factory\Factory\Debug\mt.write.1.tlog
D:\school\factoryProject\Factory\Factory\Debug\rc.command.1.tlog
D:\school\factoryProject\Factory\Factory\Debug\rc.read.1.tlog
D:\school\factoryProject\Factory\Factory\Debug\rc.write.1.tlog
D:\SCHOOL\FACTORYPROJECT\FACTORY\FACTORY\DEBUG\STDAFX.OBJ
D:\school\factoryProject\Factory\Factory\Debug\vc100.idb
D:\SCHOOL\FACTORYPROJECT\FACTORY\FACTORY\DEBUG\VC100.PDB
